ns/ha/0.1.1
===

== FAST CHECK EMIT PASSED ==

== TYPE CHECK FAILED ==
-- stdout --

-- stderr --
error: TS2304 [ERROR]: Cannot find name 'HTMLElement'.
   */ target?: HTMLElement;
               ~~~~~~~~~~~
    at file://<tmpdir>/mod.ts:14:16

